0 info it worked if it ends with ok
1 verbose cli [ '/Users/mason/.nvm/versions/node/v7.2.0/bin/node',
1 verbose cli   '/Users/mason/.nvm/versions/node/v7.2.0/lib/node_modules/npm/bin/npm-cli.js',
1 verbose cli   'run',
1 verbose cli   'gulp' ]
2 info using npm@3.10.9
3 info using node@v7.2.0
4 verbose run-script [ 'pregulp', 'gulp', 'postgulp' ]
5 info lifecycle edition-node-gulp@1.3.4~pregulp: edition-node-gulp@1.3.4
6 silly lifecycle edition-node-gulp@1.3.4~pregulp: no script for pregulp, continuing
7 info lifecycle edition-node-gulp@1.3.4~gulp: edition-node-gulp@1.3.4
8 verbose lifecycle edition-node-gulp@1.3.4~gulp: unsafe-perm in lifecycle true
9 verbose lifecycle edition-node-gulp@1.3.4~gulp: PATH: /Users/mason/.nvm/versions/node/v7.2.0/lib/node_modules/npm/bin/node-gyp-bin:/Users/mason/www/conde-nast/experience-platform/pattern-lab/node_modules/.bin:/Users/mason/.nvm/versions/node/v7.2.0/bin:/usr/local/bin:/usr/bin:/bin:/usr/sbin:/sbin:/Users/mason/bin:/usr/local/sbin:/usr/local/opt/php56/bin
10 verbose lifecycle edition-node-gulp@1.3.4~gulp: CWD: /Users/mason/www/conde-nast/experience-platform/pattern-lab
11 silly lifecycle edition-node-gulp@1.3.4~gulp: Args: [ '-c', 'gulp -- ' ]
12 silly lifecycle edition-node-gulp@1.3.4~gulp: Returned: code: 1  signal: null
13 info lifecycle edition-node-gulp@1.3.4~gulp: Failed to exec gulp script
14 verbose stack Error: edition-node-gulp@1.3.4 gulp: `gulp -- `
14 verbose stack Exit status 1
14 verbose stack     at EventEmitter.<anonymous> (/Users/mason/.nvm/versions/node/v7.2.0/lib/node_modules/npm/lib/utils/lifecycle.js:255:16)
14 verbose stack     at emitTwo (events.js:106:13)
14 verbose stack     at EventEmitter.emit (events.js:191:7)
14 verbose stack     at ChildProcess.<anonymous> (/Users/mason/.nvm/versions/node/v7.2.0/lib/node_modules/npm/lib/utils/spawn.js:40:14)
14 verbose stack     at emitTwo (events.js:106:13)
14 verbose stack     at ChildProcess.emit (events.js:191:7)
14 verbose stack     at maybeClose (internal/child_process.js:885:16)
14 verbose stack     at Process.ChildProcess._handle.onexit (internal/child_process.js:226:5)
15 verbose pkgid edition-node-gulp@1.3.4
16 verbose cwd /Users/mason/www/conde-nast/experience-platform/pattern-lab
17 error Darwin 16.3.0
18 error argv "/Users/mason/.nvm/versions/node/v7.2.0/bin/node" "/Users/mason/.nvm/versions/node/v7.2.0/lib/node_modules/npm/bin/npm-cli.js" "run" "gulp"
19 error node v7.2.0
20 error npm  v3.10.9
21 error code ELIFECYCLE
22 error edition-node-gulp@1.3.4 gulp: `gulp -- `
22 error Exit status 1
23 error Failed at the edition-node-gulp@1.3.4 gulp script 'gulp -- '.
23 error Make sure you have the latest version of node.js and npm installed.
23 error If you do, this is most likely a problem with the edition-node-gulp package,
23 error not with npm itself.
23 error Tell the author that this fails on your system:
23 error     gulp --
23 error You can get information on how to open an issue for this project with:
23 error     npm bugs edition-node-gulp
23 error Or if that isn't available, you can get their info via:
23 error     npm owner ls edition-node-gulp
23 error There is likely additional logging output above.
24 verbose exit [ 1, true ]
